---------- Date: 2015-03-17 06:16:39 ~ IP : 123.63.234.165 ----------
REQUEST URI : /demo/ControlAdminPanel/index.php?route=catalog/product&amp;token=2e5bc4dd1f02eed4d7dcdcd43090c630
MOD DETAILS:
   modFile   : /home/underfi2/public_html/demo/vqmod/xml/manufacturedescription for 1.5.6.X.xml
   id        : Manufacture Images in admin and Frontend 
   version   : 3.2
   vqmver    : 2.4.1
   author    : codertj - info@codertj.com  
VQModObject::parseMods - Could not resolve path for [admin/view/template/catalog/manufacturer_list.tpl] (SKIPPED)
VQModObject::parseMods - Could not resolve path for [admin/controller/catalog/manufacturer.php] (SKIPPED)

MOD DETAILS:
   modFile   : /home/underfi2/public_html/demo/vqmod/xml/seo_url.xml
   id        : ReferralCheckout
   version   : 1.5.x
   vqmver    : 2.1.7
   author    : Thakker Technologies
VQModObject::parseMods - Could not resolve path for [admin/model/catalog/product.php] (SKIPPED)
VQModObject::parseMods - Could not resolve path for [admin/model/catalog/manufacturer.php] (SKIPPED)
VQModObject::parseMods - Could not resolve path for [admin/model/catalog/category.php] (SKIPPED)
VQModObject::parseMods - Could not resolve path for [admin/model/catalog/information.php] (SKIPPED)

MOD DETAILS:
   modFile   : /home/underfi2/public_html/demo/vqmod/xml/vqmm_menu_shortcut.xml
   id        : VQMod Manager Menu Shortcut
   version   : 1.0.0
   vqmver    : 2.3.0
   author    : Ryan (rph) - OpenCartHelp.com
VQModObject::parseMods - Could not resolve path for [admin/controller/common/header.php] (SKIPPED)
VQModObject::parseMods - Could not resolve path for [admin/view/template/common/header.tpl] (SKIPPED)
----------------------------------------------------------------------


---------- Date: 2015-03-17 06:17:59 ~ IP : 123.63.234.165 ----------
REQUEST URI : /demo/ControlAdminPanel/index.php?route=catalog/category&amp;token=2e5bc4dd1f02eed4d7dcdcd43090c630
MOD DETAILS:
   modFile   : /home/underfi2/public_html/demo/vqmod/xml/manufacturedescription for 1.5.6.X.xml
   id        : Manufacture Images in admin and Frontend 
   version   : 3.2
   vqmver    : 2.4.1
   author    : codertj - info@codertj.com  
VQModObject::parseMods - Could not resolve path for [admin/view/template/catalog/manufacturer_list.tpl] (SKIPPED)
VQModObject::parseMods - Could not resolve path for [admin/controller/catalog/manufacturer.php] (SKIPPED)

MOD DETAILS:
   modFile   : /home/underfi2/public_html/demo/vqmod/xml/vqmm_menu_shortcut.xml
   id        : VQMod Manager Menu Shortcut
   version   : 1.0.0
   vqmver    : 2.3.0
   author    : Ryan (rph) - OpenCartHelp.com
VQModObject::parseMods - Could not resolve path for [admin/controller/common/header.php] (SKIPPED)
VQModObject::parseMods - Could not resolve path for [admin/view/template/common/header.tpl] (SKIPPED)
----------------------------------------------------------------------


